2019-07-13 17:04:01,206 tornado.access[52638] INFO: 200 POST /api/add_task (::1) 0.99ms
2019-07-13 17:04:01,217 tornado.access[52638] INFO: 200 POST /api/add_task (::1) 1.06ms
2019-07-13 17:04:01,220 tornado.access[52638] INFO: 200 POST /api/add_task (::1) 0.86ms
2019-07-13 17:04:01,223 tornado.access[52638] INFO: 200 POST /api/add_task (::1) 0.79ms
2019-07-13 17:04:01,225 tornado.access[52638] INFO: 200 POST /api/add_task (::1) 0.75ms
2019-07-13 17:04:01,228 tornado.access[52638] INFO: 200 POST /api/add_worker (::1) 0.73ms
2019-07-13 17:04:01,230 tornado.access[52638] INFO: 200 POST /api/get_work (::1) 0.74ms
2019-07-13 17:04:01,236 tornado.access[52638] INFO: 200 POST /api/get_work (::1) 0.82ms
2019-07-13 17:04:01,261 tornado.access[52638] INFO: 200 POST /api/add_task (::1) 1.21ms
2019-07-13 17:04:01,263 tornado.access[52638] INFO: 200 POST /api/get_work (::1) 0.76ms
2019-07-13 17:05:33,285 luigi.scheduler[95042] INFO: No prior state file exists at /var/lib/luigi-server/state.pickle. Starting with empty state
2019-07-13 17:05:33,874 tornado.access[52638] INFO: 200 POST /api/add_task (::1) 0.90ms
2019-07-13 17:05:33,878 tornado.access[52638] INFO: 200 POST /api/add_task (::1) 1.06ms
2019-07-13 17:05:33,880 tornado.access[52638] INFO: 200 POST /api/add_task (::1) 0.81ms
2019-07-13 17:05:33,883 tornado.access[52638] INFO: 200 POST /api/add_task (::1) 0.84ms
2019-07-13 17:05:33,885 tornado.access[52638] INFO: 200 POST /api/add_task (::1) 0.71ms
2019-07-13 17:05:33,888 tornado.access[52638] INFO: 200 POST /api/add_worker (::1) 0.69ms
2019-07-13 17:05:33,890 tornado.access[52638] INFO: 200 POST /api/get_work (::1) 0.84ms
2019-07-13 17:05:33,896 tornado.access[52638] INFO: 200 POST /api/get_work (::1) 0.82ms
2019-07-13 17:05:33,923 tornado.access[52638] INFO: 200 POST /api/add_task (::1) 1.20ms
2019-07-13 17:05:33,925 tornado.access[52638] INFO: 200 POST /api/get_work (::1) 0.77ms
2019-07-13 17:06:16,883 luigi.scheduler[95105] INFO: No prior state file exists at /var/lib/luigi-server/state.pickle. Starting with empty state
2019-07-13 17:06:17,457 tornado.access[52638] INFO: 200 POST /api/add_task (::1) 0.90ms
2019-07-13 17:06:17,460 tornado.access[52638] INFO: 200 POST /api/add_task (::1) 0.85ms
2019-07-13 17:06:17,463 tornado.access[52638] INFO: 200 POST /api/add_task (::1) 0.73ms
2019-07-13 17:06:17,466 tornado.access[52638] INFO: 200 POST /api/add_task (::1) 0.83ms
2019-07-13 17:06:17,468 tornado.access[52638] INFO: 200 POST /api/add_task (::1) 0.70ms
2019-07-13 17:06:17,470 tornado.access[52638] INFO: 200 POST /api/add_worker (::1) 0.72ms
2019-07-13 17:06:17,473 tornado.access[52638] INFO: 200 POST /api/get_work (::1) 0.86ms
2019-07-13 17:06:17,478 tornado.access[52638] INFO: 200 POST /api/get_work (::1) 0.77ms
2019-07-13 17:06:17,507 tornado.access[52638] INFO: 200 POST /api/add_task (::1) 1.85ms
2019-07-13 17:06:17,509 tornado.access[52638] INFO: 200 POST /api/get_work (::1) 0.79ms
2019-07-13 17:06:47,093 tornado.access[52638] INFO: 200 POST /api/add_task (::1) 1.05ms
2019-07-13 17:06:47,096 tornado.access[52638] INFO: 200 POST /api/add_task (::1) 0.86ms
2019-07-13 17:06:47,099 tornado.access[52638] INFO: 200 POST /api/add_task (::1) 0.75ms
2019-07-13 17:06:47,102 tornado.access[52638] INFO: 200 POST /api/add_task (::1) 0.88ms
2019-07-13 17:06:47,104 tornado.access[52638] INFO: 200 POST /api/add_task (::1) 0.81ms
2019-07-13 17:06:47,106 tornado.access[52638] INFO: 200 POST /api/add_worker (::1) 0.74ms
2019-07-13 17:06:47,108 tornado.access[52638] INFO: 200 POST /api/get_work (::1) 0.74ms
2019-07-13 17:06:47,115 tornado.access[52638] INFO: 200 POST /api/get_work (::1) 0.92ms
2019-07-13 17:06:47,144 tornado.access[52638] INFO: 200 POST /api/add_task (::1) 1.01ms
2019-07-13 17:06:47,146 tornado.access[52638] INFO: 200 POST /api/get_work (::1) 0.68ms
2019-07-13 17:08:16,333 tornado.access[52638] INFO: 200 POST /api/add_task (::1) 0.97ms
2019-07-13 17:08:16,336 tornado.access[52638] INFO: 200 POST /api/add_task (::1) 1.09ms
2019-07-13 17:08:16,339 tornado.access[52638] INFO: 200 POST /api/add_task (::1) 0.79ms
2019-07-13 17:08:16,341 tornado.access[52638] INFO: 200 POST /api/add_task (::1) 0.71ms
2019-07-13 17:08:16,344 tornado.access[52638] INFO: 200 POST /api/add_task (::1) 0.75ms
2019-07-13 17:08:16,346 tornado.access[52638] INFO: 200 POST /api/add_worker (::1) 0.61ms
2019-07-13 17:08:16,347 tornado.access[52638] INFO: 200 POST /api/get_work (::1) 0.67ms
2019-07-13 17:08:16,355 tornado.access[52638] INFO: 200 POST /api/get_work (::1) 0.94ms
2019-07-13 17:08:16,383 tornado.access[52638] INFO: 200 POST /api/add_task (::1) 1.49ms
2019-07-13 17:08:16,387 tornado.access[52638] INFO: 200 POST /api/get_work (::1) 1.07ms
2019-07-13 17:09:09,444 tornado.access[52638] INFO: 200 POST /api/add_task (::1) 1.24ms
2019-07-13 17:09:09,447 tornado.access[52638] INFO: 200 POST /api/add_task (::1) 0.86ms
2019-07-13 17:09:09,450 tornado.access[52638] INFO: 200 POST /api/add_task (::1) 0.99ms
2019-07-13 17:09:09,453 tornado.access[52638] INFO: 200 POST /api/add_task (::1) 0.77ms
2019-07-13 17:09:09,456 tornado.access[52638] INFO: 200 POST /api/add_task (::1) 0.73ms
2019-07-13 17:09:09,458 tornado.access[52638] INFO: 200 POST /api/add_worker (::1) 0.69ms
2019-07-13 17:09:09,460 tornado.access[52638] INFO: 200 POST /api/get_work (::1) 0.76ms
2019-07-13 17:09:09,466 tornado.access[52638] INFO: 200 POST /api/get_work (::1) 0.83ms
2019-07-13 17:09:09,492 tornado.access[52638] INFO: 200 POST /api/add_task (::1) 1.25ms
2019-07-13 17:09:09,495 tornado.access[52638] INFO: 200 POST /api/get_work (::1) 0.75ms
2019-07-13 17:09:39,741 luigi.scheduler[95324] INFO: No prior state file exists at /var/lib/luigi-server/state.pickle. Starting with empty state
2019-07-13 17:09:40,315 tornado.access[52638] INFO: 200 POST /api/add_task (::1) 0.89ms
2019-07-13 17:09:40,318 tornado.access[52638] INFO: 200 POST /api/add_task (::1) 0.89ms
2019-07-13 17:09:40,321 tornado.access[52638] INFO: 200 POST /api/add_task (::1) 0.79ms
2019-07-13 17:09:40,324 tornado.access[52638] INFO: 200 POST /api/add_task (::1) 0.78ms
2019-07-13 17:09:40,326 tornado.access[52638] INFO: 200 POST /api/add_task (::1) 0.71ms
2019-07-13 17:09:40,329 tornado.access[52638] INFO: 200 POST /api/add_worker (::1) 0.64ms
2019-07-13 17:09:40,330 tornado.access[52638] INFO: 200 POST /api/get_work (::1) 0.69ms
2019-07-13 17:09:40,337 tornado.access[52638] INFO: 200 POST /api/get_work (::1) 0.91ms
2019-07-13 17:09:40,361 tornado.access[52638] INFO: 200 POST /api/add_task (::1) 1.33ms
2019-07-13 17:09:40,363 tornado.access[52638] INFO: 200 POST /api/get_work (::1) 0.83ms
2019-07-13 17:11:13,085 luigi.scheduler[95443] INFO: No prior state file exists at /var/lib/luigi-server/state.pickle. Starting with empty state
2019-07-13 17:11:13,668 tornado.access[52638] INFO: 200 POST /api/add_task (::1) 0.88ms
2019-07-13 17:11:13,671 tornado.access[52638] INFO: 200 POST /api/add_task (::1) 1.00ms
2019-07-13 17:11:13,674 tornado.access[52638] INFO: 200 POST /api/add_task (::1) 0.75ms
2019-07-13 17:11:13,677 tornado.access[52638] INFO: 200 POST /api/add_task (::1) 0.85ms
2019-07-13 17:11:13,679 tornado.access[52638] INFO: 200 POST /api/add_task (::1) 0.70ms
2019-07-13 17:11:13,681 tornado.access[52638] INFO: 200 POST /api/add_worker (::1) 0.64ms
2019-07-13 17:11:13,683 tornado.access[52638] INFO: 200 POST /api/get_work (::1) 0.74ms
2019-07-13 17:11:13,689 tornado.access[52638] INFO: 200 POST /api/get_work (::1) 0.97ms
2019-07-13 17:11:13,725 tornado.access[52638] INFO: 200 POST /api/add_task (::1) 1.09ms
2019-07-13 17:11:13,728 tornado.access[52638] INFO: 200 POST /api/get_work (::1) 0.79ms
2019-07-13 17:12:41,152 luigi.scheduler[95525] INFO: No prior state file exists at /var/lib/luigi-server/state.pickle. Starting with empty state
2019-07-13 17:12:41,727 tornado.access[52638] INFO: 200 POST /api/add_task (::1) 0.92ms
2019-07-13 17:12:41,730 tornado.access[52638] INFO: 200 POST /api/add_task (::1) 0.86ms
2019-07-13 17:12:41,733 tornado.access[52638] INFO: 200 POST /api/add_task (::1) 0.73ms
2019-07-13 17:12:41,736 tornado.access[52638] INFO: 200 POST /api/add_task (::1) 0.77ms
2019-07-13 17:12:41,738 tornado.access[52638] INFO: 200 POST /api/add_task (::1) 0.71ms
2019-07-13 17:12:41,740 tornado.access[52638] INFO: 200 POST /api/add_worker (::1) 0.67ms
2019-07-13 17:12:41,742 tornado.access[52638] INFO: 200 POST /api/get_work (::1) 0.85ms
2019-07-13 17:12:41,749 tornado.access[52638] INFO: 200 POST /api/get_work (::1) 0.93ms
2019-07-13 17:12:41,785 tornado.access[52638] INFO: 200 POST /api/add_task (::1) 0.91ms
2019-07-13 17:12:41,787 tornado.access[52638] INFO: 200 POST /api/get_work (::1) 0.80ms
2019-07-13 17:13:21,827 luigi.scheduler[95590] INFO: No prior state file exists at /var/lib/luigi-server/state.pickle. Starting with empty state
2019-07-13 17:13:22,401 tornado.access[52638] INFO: 200 POST /api/add_task (::1) 0.92ms
2019-07-13 17:13:22,404 tornado.access[52638] INFO: 200 POST /api/add_task (::1) 0.83ms
2019-07-13 17:13:22,407 tornado.access[52638] INFO: 200 POST /api/add_task (::1) 0.69ms
2019-07-13 17:13:22,410 tornado.access[52638] INFO: 200 POST /api/add_task (::1) 0.75ms
2019-07-13 17:13:22,412 tornado.access[52638] INFO: 200 POST /api/add_task (::1) 0.74ms
2019-07-13 17:13:22,414 tornado.access[52638] INFO: 200 POST /api/add_worker (::1) 0.67ms
2019-07-13 17:13:22,416 tornado.access[52638] INFO: 200 POST /api/get_work (::1) 0.82ms
2019-07-13 17:13:22,422 tornado.access[52638] INFO: 200 POST /api/get_work (::1) 0.85ms
2019-07-13 17:13:22,460 tornado.access[52638] INFO: 200 POST /api/add_task (::1) 1.12ms
2019-07-13 17:13:22,462 tornado.access[52638] INFO: 200 POST /api/get_work (::1) 0.70ms
2019-07-13 17:19:33,595 tornado.access[52638] INFO: 304 GET /static/visualiser/index.html (::1) 1.08ms
2019-07-13 17:19:33,766 tornado.access[52638] INFO: 304 GET /api/is_pause_enabled?data=%7B%7D (::1) 1.42ms
2019-07-13 17:19:33,768 tornado.access[52638] INFO: 304 GET /api/worker_list?data=%7B%7D (::1) 0.89ms
2019-07-13 17:19:33,769 tornado.access[52638] INFO: 304 GET /api/resource_list?data=%7B%7D (::1) 0.79ms
2019-07-13 17:19:33,791 tornado.access[52638] INFO: 304 GET /api/task_list?data=%7B%22status%22%3A%22RUNNING%22%2C%22upstream_status%22%3A%22%22%2C%22search%22%3A%22%22%7D (::1) 1.22ms
2019-07-13 17:19:33,793 tornado.access[52638] INFO: 304 GET /api/task_list?data=%7B%22status%22%3A%22FAILED%22%2C%22upstream_status%22%3A%22%22%2C%22search%22%3A%22%22%7D (::1) 1.20ms
2019-07-13 17:19:33,795 tornado.access[52638] INFO: 304 GET /api/task_list?data=%7B%22status%22%3A%22BATCH_RUNNING%22%2C%22upstream_status%22%3A%22%22%2C%22search%22%3A%22%22%7D (::1) 1.08ms
2019-07-13 17:19:33,796 tornado.access[52638] INFO: 304 GET /api/task_list?data=%7B%22status%22%3A%22PENDING%22%2C%22upstream_status%22%3A%22UPSTREAM_FAILED%22%2C%22search%22%3A%22%22%7D (::1) 0.78ms
2019-07-13 17:19:33,798 tornado.access[52638] INFO: 304 GET /api/task_list?data=%7B%22status%22%3A%22PENDING%22%2C%22upstream_status%22%3A%22%22%2C%22search%22%3A%22%22%7D (::1) 0.67ms
2019-07-13 17:19:33,800 tornado.access[52638] INFO: 304 GET /api/task_list?data=%7B%22status%22%3A%22DISABLED%22%2C%22upstream_status%22%3A%22%22%2C%22search%22%3A%22%22%7D (::1) 0.73ms
2019-07-13 17:19:33,802 tornado.access[52638] INFO: 304 GET /api/task_list?data=%7B%22status%22%3A%22PENDING%22%2C%22upstream_status%22%3A%22UPSTREAM_DISABLED%22%2C%22search%22%3A%22%22%7D (::1) 0.67ms
2019-07-13 17:19:33,804 tornado.access[52638] INFO: 200 GET /api/task_list?data=%7B%22status%22%3A%22DONE%22%2C%22upstream_status%22%3A%22%22%2C%22search%22%3A%22%22%7D (::1) 1.72ms
2019-07-13 17:19:33,880 tornado.access[52638] INFO: 304 GET /api/is_paused?data=%7B%7D (::1) 1.40ms
2019-07-13 17:19:44,676 tornado.access[52638] INFO: 200 GET /api/dep_graph?data=%7B%22task_id%22%3A%22CleaningPipeline_clean_csv_airline_tweets_c_c6a7fdc2c4%22%2C%22include_done%22%3Afalse%7D (::1) 1.09ms
2019-07-13 17:19:46,230 tornado.access[52638] INFO: 200 GET /api/dep_graph?data=%7B%22task_id%22%3A%22CleaningPipeline_clean_csv_airline_tweets_c_c6a7fdc2c4%22%2C%22include_done%22%3Atrue%7D (::1) 0.85ms
2019-07-13 17:19:47,065 tornado.access[52638] INFO: 304 GET /api/dep_graph?data=%7B%22task_id%22%3A%22CleaningPipeline_clean_csv_airline_tweets_c_c6a7fdc2c4%22%2C%22include_done%22%3Afalse%7D (::1) 0.89ms
2019-07-13 17:19:47,594 tornado.access[52638] INFO: 304 GET /api/dep_graph?data=%7B%22task_id%22%3A%22CleaningPipeline_clean_csv_airline_tweets_c_c6a7fdc2c4%22%2C%22include_done%22%3Atrue%7D (::1) 1.21ms
2019-07-13 17:19:48,515 tornado.access[52638] INFO: 200 GET /api/inverse_dep_graph?data=%7B%22task_id%22%3A%22CleaningPipeline_clean_csv_airline_tweets_c_c6a7fdc2c4%22%2C%22include_done%22%3Atrue%7D (::1) 1.47ms
2019-07-13 17:25:49,251 luigi.scheduler[52638] INFO: Removing task 'CleaningPipeline_clean_csv_airline_tweets_c_c6a7fdc2c4'
2019-07-13 17:25:49,251 luigi.scheduler[52638] INFO: Removing task 'TrainingDataTask_cities_csv_clean_csv_features_csv_db8713b6cb'
2019-07-13 17:25:49,251 luigi.scheduler[52638] INFO: Removing task 'TrainModelTask_features_csv_model_pkl_db1b9744cb'
2019-07-13 17:25:49,251 luigi.scheduler[52638] INFO: Removing task 'ScoreTask_features_csv_model_pkl_scores_csv_995d965bab'
2019-07-13 17:28:25,068 luigi.scheduler[96464] INFO: No prior state file exists at /var/lib/luigi-server/state.pickle. Starting with empty state
2019-07-13 17:28:25,651 tornado.access[52638] INFO: 200 POST /api/add_task (::1) 0.90ms
2019-07-13 17:28:25,655 tornado.access[52638] INFO: 200 POST /api/add_task (::1) 0.86ms
2019-07-13 17:28:25,657 tornado.access[52638] INFO: 200 POST /api/add_task (::1) 0.71ms
2019-07-13 17:28:25,660 tornado.access[52638] INFO: 200 POST /api/add_task (::1) 0.74ms
2019-07-13 17:28:25,662 tornado.access[52638] INFO: 200 POST /api/add_task (::1) 0.73ms
2019-07-13 17:28:25,665 tornado.access[52638] INFO: 200 POST /api/add_task (::1) 0.75ms
2019-07-13 17:28:25,668 tornado.access[52638] INFO: 200 POST /api/add_task (::1) 0.85ms
2019-07-13 17:28:25,671 tornado.access[52638] INFO: 200 POST /api/add_task (::1) 0.86ms
2019-07-13 17:28:25,673 tornado.access[52638] INFO: 200 POST /api/add_task (::1) 0.92ms
2019-07-13 17:28:25,676 tornado.access[52638] INFO: 200 POST /api/add_task (::1) 0.81ms
2019-07-13 17:28:25,678 tornado.access[52638] INFO: 200 POST /api/add_worker (::1) 0.60ms
2019-07-13 17:28:25,680 tornado.access[52638] INFO: 200 POST /api/get_work (::1) 0.70ms
2019-07-13 17:28:25,685 tornado.access[52638] INFO: 200 POST /api/get_work (::1) 0.76ms
2019-07-13 17:28:25,843 tornado.access[52638] INFO: 200 POST /api/add_task (::1) 1.07ms
2019-07-13 17:28:25,846 tornado.access[52638] INFO: 200 POST /api/get_work (::1) 0.82ms
2019-07-13 17:28:25,853 tornado.access[52638] INFO: 200 POST /api/get_work (::1) 0.86ms
2019-07-13 17:28:26,643 tornado.access[52638] INFO: 200 POST /api/ping (::1) 0.72ms
2019-07-13 17:28:26,860 tornado.access[52638] INFO: 200 POST /api/get_work (::1) 0.85ms
2019-07-13 17:28:27,646 tornado.access[52638] INFO: 200 POST /api/ping (::1) 0.74ms
2019-07-13 17:28:27,864 tornado.access[52638] INFO: 200 POST /api/get_work (::1) 0.85ms
2019-07-13 17:28:28,650 tornado.access[52638] INFO: 200 POST /api/ping (::1) 0.73ms
2019-07-13 17:28:28,870 tornado.access[52638] INFO: 200 POST /api/get_work (::1) 0.85ms
2019-07-13 17:28:29,654 tornado.access[52638] INFO: 200 POST /api/ping (::1) 0.78ms
2019-07-13 17:28:29,877 tornado.access[52638] INFO: 200 POST /api/get_work (::1) 0.94ms
2019-07-13 17:28:30,657 tornado.access[52638] INFO: 200 POST /api/ping (::1) 0.85ms
2019-07-13 17:28:30,882 tornado.access[52638] INFO: 200 POST /api/get_work (::1) 0.93ms
2019-07-13 17:28:31,662 tornado.access[52638] INFO: 200 POST /api/ping (::1) 0.73ms
2019-07-13 17:28:31,888 tornado.access[52638] INFO: 200 POST /api/get_work (::1) 1.52ms
2019-07-13 17:28:32,665 tornado.access[52638] INFO: 200 POST /api/ping (::1) 0.75ms
2019-07-13 17:28:32,897 tornado.access[52638] INFO: 200 POST /api/get_work (::1) 0.85ms
2019-07-13 17:28:33,672 tornado.access[52638] INFO: 200 POST /api/ping (::1) 0.86ms
2019-07-13 17:28:33,905 tornado.access[52638] INFO: 200 POST /api/get_work (::1) 0.89ms
2019-07-13 17:28:34,677 tornado.access[52638] INFO: 200 POST /api/ping (::1) 0.79ms
2019-07-13 17:28:34,910 tornado.access[52638] INFO: 200 POST /api/get_work (::1) 0.93ms
2019-07-13 17:28:35,683 tornado.access[52638] INFO: 200 POST /api/ping (::1) 0.76ms
2019-07-13 17:28:35,917 tornado.access[52638] INFO: 200 POST /api/get_work (::1) 0.89ms
2019-07-13 17:28:36,689 tornado.access[52638] INFO: 200 POST /api/ping (::1) 0.80ms
2019-07-13 17:28:36,921 tornado.access[52638] INFO: 200 POST /api/get_work (::1) 0.85ms
2019-07-13 17:28:37,693 tornado.access[52638] INFO: 200 POST /api/ping (::1) 0.76ms
2019-07-13 17:28:37,928 tornado.access[52638] INFO: 200 POST /api/get_work (::1) 0.92ms
2019-07-13 17:28:38,697 tornado.access[52638] INFO: 200 POST /api/ping (::1) 0.73ms
2019-07-13 17:28:38,934 tornado.access[52638] INFO: 200 POST /api/get_work (::1) 0.86ms
2019-07-13 17:28:39,700 tornado.access[52638] INFO: 200 POST /api/ping (::1) 0.92ms
2019-07-13 17:28:39,941 tornado.access[52638] INFO: 200 POST /api/get_work (::1) 0.88ms
2019-07-13 17:28:40,706 tornado.access[52638] INFO: 200 POST /api/ping (::1) 0.81ms
2019-07-13 17:28:40,949 tornado.access[52638] INFO: 200 POST /api/get_work (::1) 0.88ms
2019-07-13 17:28:41,709 tornado.access[52638] INFO: 200 POST /api/ping (::1) 0.76ms
2019-07-13 17:28:41,955 tornado.access[52638] INFO: 200 POST /api/get_work (::1) 0.96ms
2019-07-13 17:28:42,713 tornado.access[52638] INFO: 200 POST /api/ping (::1) 0.73ms
2019-07-13 17:28:42,959 tornado.access[52638] INFO: 200 POST /api/get_work (::1) 0.85ms
2019-07-13 17:28:43,720 tornado.access[52638] INFO: 200 POST /api/ping (::1) 0.81ms
2019-07-13 17:28:43,963 tornado.access[52638] INFO: 200 POST /api/get_work (::1) 0.95ms
2019-07-13 17:28:44,724 tornado.access[52638] INFO: 200 POST /api/ping (::1) 0.74ms
2019-07-13 17:28:44,971 tornado.access[52638] INFO: 200 POST /api/get_work (::1) 0.91ms
2019-07-13 17:28:45,728 tornado.access[52638] INFO: 200 POST /api/ping (::1) 0.82ms
2019-07-13 17:28:45,978 tornado.access[52638] INFO: 200 POST /api/get_work (::1) 0.87ms
2019-07-13 17:28:46,735 tornado.access[52638] INFO: 200 POST /api/ping (::1) 0.71ms
2019-07-13 17:28:46,985 tornado.access[52638] INFO: 200 POST /api/get_work (::1) 0.86ms
2019-07-13 17:28:47,739 tornado.access[52638] INFO: 200 POST /api/ping (::1) 0.73ms
2019-07-13 17:28:47,988 tornado.access[52638] INFO: 200 POST /api/get_work (::1) 0.85ms
2019-07-13 17:28:48,742 tornado.access[52638] INFO: 200 POST /api/ping (::1) 0.73ms
2019-07-13 17:28:48,996 tornado.access[52638] INFO: 200 POST /api/get_work (::1) 0.87ms
2019-07-13 17:28:49,749 tornado.access[52638] INFO: 200 POST /api/ping (::1) 0.74ms
2019-07-13 17:28:50,003 tornado.access[52638] INFO: 200 POST /api/get_work (::1) 0.87ms
2019-07-13 17:28:50,752 tornado.access[52638] INFO: 200 POST /api/ping (::1) 0.73ms
2019-07-13 17:28:51,010 tornado.access[52638] INFO: 200 POST /api/get_work (::1) 0.88ms
2019-07-13 17:28:51,759 tornado.access[52638] INFO: 200 POST /api/ping (::1) 0.76ms
2019-07-13 17:28:52,018 tornado.access[52638] INFO: 200 POST /api/get_work (::1) 0.98ms
2019-07-13 17:28:52,763 tornado.access[52638] INFO: 200 POST /api/ping (::1) 0.81ms
2019-07-13 17:28:53,022 tornado.access[52638] INFO: 200 POST /api/get_work (::1) 0.91ms
2019-07-13 17:28:53,770 tornado.access[52638] INFO: 200 POST /api/ping (::1) 0.75ms
2019-07-13 17:28:54,028 tornado.access[52638] INFO: 200 POST /api/get_work (::1) 0.88ms
2019-07-13 17:28:54,776 tornado.access[52638] INFO: 200 POST /api/ping (::1) 0.77ms
2019-07-13 17:28:55,034 tornado.access[52638] INFO: 200 POST /api/get_work (::1) 0.89ms
2019-07-13 17:28:55,780 tornado.access[52638] INFO: 200 POST /api/ping (::1) 0.87ms
2019-07-13 17:28:56,038 tornado.access[52638] INFO: 200 POST /api/get_work (::1) 1.15ms
2019-07-13 17:28:56,784 tornado.access[52638] INFO: 200 POST /api/ping (::1) 0.75ms
2019-07-13 17:28:57,043 tornado.access[52638] INFO: 200 POST /api/get_work (::1) 0.86ms
2019-07-13 17:28:57,788 tornado.access[52638] INFO: 200 POST /api/ping (::1) 0.77ms
2019-07-13 17:28:58,051 tornado.access[52638] INFO: 200 POST /api/get_work (::1) 0.86ms
2019-07-13 17:28:58,794 tornado.access[52638] INFO: 200 POST /api/ping (::1) 0.88ms
2019-07-13 17:28:59,056 tornado.access[52638] INFO: 200 POST /api/get_work (::1) 0.89ms
2019-07-13 17:28:59,798 tornado.access[52638] INFO: 200 POST /api/ping (::1) 0.75ms
2019-07-13 17:29:00,063 tornado.access[52638] INFO: 200 POST /api/get_work (::1) 1.21ms
2019-07-13 17:29:00,805 tornado.access[52638] INFO: 200 POST /api/ping (::1) 0.75ms
2019-07-13 17:29:01,071 tornado.access[52638] INFO: 200 POST /api/get_work (::1) 0.86ms
2019-07-13 17:29:01,812 tornado.access[52638] INFO: 200 POST /api/ping (::1) 0.73ms
2019-07-13 17:29:02,078 tornado.access[52638] INFO: 200 POST /api/get_work (::1) 0.89ms
2019-07-13 17:29:02,815 tornado.access[52638] INFO: 200 POST /api/ping (::1) 0.74ms
2019-07-13 17:29:03,084 tornado.access[52638] INFO: 200 POST /api/get_work (::1) 0.85ms
2019-07-13 17:29:03,823 tornado.access[52638] INFO: 200 POST /api/ping (::1) 0.82ms
2019-07-13 17:29:04,090 tornado.access[52638] INFO: 200 POST /api/get_work (::1) 0.87ms
2019-07-13 17:29:04,829 tornado.access[52638] INFO: 200 POST /api/ping (::1) 0.82ms
2019-07-13 17:29:05,095 tornado.access[52638] INFO: 200 POST /api/get_work (::1) 0.85ms
2019-07-13 17:29:05,835 tornado.access[52638] INFO: 200 POST /api/ping (::1) 0.74ms
2019-07-13 17:29:06,098 tornado.access[52638] INFO: 200 POST /api/get_work (::1) 0.86ms
2019-07-13 17:29:06,838 tornado.access[52638] INFO: 200 POST /api/ping (::1) 0.73ms
2019-07-13 17:29:07,105 tornado.access[52638] INFO: 200 POST /api/get_work (::1) 0.90ms
2019-07-13 17:29:07,844 tornado.access[52638] INFO: 200 POST /api/ping (::1) 0.74ms
2019-07-13 17:29:08,112 tornado.access[52638] INFO: 200 POST /api/get_work (::1) 0.87ms
2019-07-13 17:29:08,848 tornado.access[52638] INFO: 200 POST /api/ping (::1) 1.29ms
2019-07-13 17:29:09,117 tornado.access[52638] INFO: 200 POST /api/get_work (::1) 0.85ms
2019-07-13 17:29:09,855 tornado.access[52638] INFO: 200 POST /api/ping (::1) 0.76ms
2019-07-13 17:29:10,123 tornado.access[52638] INFO: 200 POST /api/get_work (::1) 0.87ms
2019-07-13 17:29:10,862 tornado.access[52638] INFO: 200 POST /api/ping (::1) 0.78ms
2019-07-13 17:29:11,130 tornado.access[52638] INFO: 200 POST /api/get_work (::1) 1.61ms
2019-07-13 17:29:11,866 tornado.access[52638] INFO: 200 POST /api/ping (::1) 0.76ms
2019-07-13 17:29:12,139 tornado.access[52638] INFO: 200 POST /api/get_work (::1) 1.65ms
2019-07-13 17:29:12,870 tornado.access[52638] INFO: 200 POST /api/ping (::1) 0.88ms
2019-07-13 17:29:13,146 tornado.access[52638] INFO: 200 POST /api/get_work (::1) 0.98ms
2019-07-13 17:29:13,876 tornado.access[52638] INFO: 200 POST /api/ping (::1) 0.74ms
2019-07-13 17:29:14,152 tornado.access[52638] INFO: 200 POST /api/get_work (::1) 0.89ms
2019-07-13 17:29:14,880 tornado.access[52638] INFO: 200 POST /api/ping (::1) 0.75ms
2019-07-13 17:29:15,158 tornado.access[52638] INFO: 200 POST /api/get_work (::1) 0.89ms
2019-07-13 17:29:15,883 tornado.access[52638] INFO: 200 POST /api/ping (::1) 0.78ms
2019-07-13 17:29:16,163 tornado.access[52638] INFO: 200 POST /api/get_work (::1) 1.12ms
2019-07-13 17:29:16,887 tornado.access[52638] INFO: 200 POST /api/ping (::1) 0.77ms
2019-07-13 17:29:17,168 tornado.access[52638] INFO: 200 POST /api/get_work (::1) 0.89ms
2019-07-13 17:29:17,891 tornado.access[52638] INFO: 200 POST /api/ping (::1) 0.87ms
2019-07-13 17:29:18,172 tornado.access[52638] INFO: 200 POST /api/get_work (::1) 0.87ms
2019-07-13 17:29:18,894 tornado.access[52638] INFO: 200 POST /api/ping (::1) 0.93ms
2019-07-13 17:29:19,181 tornado.access[52638] INFO: 200 POST /api/get_work (::1) 1.32ms
2019-07-13 17:29:19,898 tornado.access[52638] INFO: 200 POST /api/ping (::1) 0.73ms
2019-07-13 17:29:20,184 tornado.access[52638] INFO: 200 POST /api/get_work (::1) 0.85ms
2019-07-13 17:29:20,903 tornado.access[52638] INFO: 200 POST /api/ping (::1) 0.80ms
2019-07-13 17:29:21,189 tornado.access[52638] INFO: 200 POST /api/get_work (::1) 0.94ms
2019-07-13 17:29:21,909 tornado.access[52638] INFO: 200 POST /api/ping (::1) 0.75ms
2019-07-13 17:29:22,193 tornado.access[52638] INFO: 200 POST /api/get_work (::1) 0.86ms
2019-07-13 17:29:22,914 tornado.access[52638] INFO: 200 POST /api/ping (::1) 0.75ms
2019-07-13 17:29:23,198 tornado.access[52638] INFO: 200 POST /api/get_work (::1) 0.99ms
2019-07-13 17:29:23,918 tornado.access[52638] INFO: 200 POST /api/ping (::1) 0.79ms
2019-07-13 17:29:24,204 tornado.access[52638] INFO: 200 POST /api/get_work (::1) 0.93ms
2019-07-13 17:29:24,923 tornado.access[52638] INFO: 200 POST /api/ping (::1) 0.73ms
2019-07-13 17:29:25,211 tornado.access[52638] INFO: 200 POST /api/get_work (::1) 0.88ms
2019-07-13 17:29:25,929 tornado.access[52638] INFO: 200 POST /api/ping (::1) 0.76ms
2019-07-13 17:29:26,214 tornado.access[52638] INFO: 200 POST /api/get_work (::1) 0.86ms
2019-07-13 17:29:26,932 tornado.access[52638] INFO: 200 POST /api/ping (::1) 0.91ms
2019-07-13 17:29:27,217 tornado.access[52638] INFO: 200 POST /api/get_work (::1) 0.88ms
2019-07-13 17:29:27,936 tornado.access[52638] INFO: 200 POST /api/ping (::1) 0.77ms
2019-07-13 17:29:28,225 tornado.access[52638] INFO: 200 POST /api/get_work (::1) 0.94ms
2019-07-13 17:29:28,939 tornado.access[52638] INFO: 200 POST /api/ping (::1) 0.74ms
2019-07-13 17:29:29,231 tornado.access[52638] INFO: 200 POST /api/get_work (::1) 0.85ms
2019-07-13 17:29:29,947 tornado.access[52638] INFO: 200 POST /api/ping (::1) 0.77ms
2019-07-13 17:29:30,238 tornado.access[52638] INFO: 200 POST /api/get_work (::1) 0.85ms
2019-07-13 17:29:30,951 tornado.access[52638] INFO: 200 POST /api/ping (::1) 0.74ms
2019-07-13 17:29:31,245 tornado.access[52638] INFO: 200 POST /api/get_work (::1) 1.36ms
2019-07-13 17:29:31,955 tornado.access[52638] INFO: 200 POST /api/ping (::1) 0.75ms
2019-07-13 17:29:32,248 tornado.access[52638] INFO: 200 POST /api/get_work (::1) 0.87ms
2019-07-13 17:29:32,962 tornado.access[52638] INFO: 200 POST /api/ping (::1) 0.77ms
2019-07-13 17:29:33,252 tornado.access[52638] INFO: 200 POST /api/get_work (::1) 0.86ms
2019-07-13 17:29:33,965 tornado.access[52638] INFO: 200 POST /api/ping (::1) 0.73ms
2019-07-13 17:29:34,260 tornado.access[52638] INFO: 200 POST /api/get_work (::1) 0.97ms
2019-07-13 17:29:34,968 tornado.access[52638] INFO: 200 POST /api/ping (::1) 0.73ms
2019-07-13 17:29:35,269 tornado.access[52638] INFO: 200 POST /api/get_work (::1) 0.89ms
2019-07-13 17:29:35,972 tornado.access[52638] INFO: 200 POST /api/ping (::1) 0.87ms
2019-07-13 17:29:36,275 tornado.access[52638] INFO: 200 POST /api/get_work (::1) 0.85ms
2019-07-13 17:29:36,981 tornado.access[52638] INFO: 200 POST /api/ping (::1) 1.49ms
2019-07-13 17:29:37,280 tornado.access[52638] INFO: 200 POST /api/get_work (::1) 0.85ms
2019-07-13 17:29:37,984 tornado.access[52638] INFO: 200 POST /api/ping (::1) 0.81ms
2019-07-13 17:29:38,286 tornado.access[52638] INFO: 200 POST /api/get_work (::1) 0.91ms
2019-07-13 17:29:38,988 tornado.access[52638] INFO: 200 POST /api/ping (::1) 0.73ms
2019-07-13 17:29:39,291 tornado.access[52638] INFO: 200 POST /api/get_work (::1) 0.90ms
2019-07-13 17:29:39,991 tornado.access[52638] INFO: 200 POST /api/ping (::1) 0.82ms
2019-07-13 17:29:40,297 tornado.access[52638] INFO: 200 POST /api/get_work (::1) 0.91ms
2019-07-13 17:29:40,996 tornado.access[52638] INFO: 200 POST /api/ping (::1) 1.04ms
2019-07-13 17:29:41,300 tornado.access[52638] INFO: 200 POST /api/get_work (::1) 0.87ms
2019-07-13 17:29:42,001 tornado.access[52638] INFO: 200 POST /api/ping (::1) 0.77ms
2019-07-13 17:29:42,305 tornado.access[52638] INFO: 200 POST /api/get_work (::1) 0.89ms
2019-07-13 17:29:43,005 tornado.access[52638] INFO: 200 POST /api/ping (::1) 1.36ms
2019-07-13 17:29:43,313 tornado.access[52638] INFO: 200 POST /api/get_work (::1) 0.92ms
2019-07-13 17:29:44,012 tornado.access[52638] INFO: 200 POST /api/ping (::1) 0.76ms
2019-07-13 17:29:44,318 tornado.access[52638] INFO: 200 POST /api/get_work (::1) 0.85ms
2019-07-13 17:29:45,016 tornado.access[52638] INFO: 200 POST /api/ping (::1) 0.88ms
2019-07-13 17:29:45,326 tornado.access[52638] INFO: 200 POST /api/get_work (::1) 0.85ms
2019-07-13 17:29:45,832 tornado.access[52638] INFO: 200 POST /api/add_task (::1) 0.89ms
2019-07-13 17:29:45,834 tornado.access[52638] INFO: 200 POST /api/get_work (::1) 0.75ms
2019-07-13 17:29:45,840 tornado.access[52638] INFO: 200 POST /api/get_work (::1) 0.72ms
2019-07-13 17:29:45,905 tornado.access[52638] INFO: 200 POST /api/add_task (::1) 0.97ms
2019-07-13 17:29:45,908 tornado.access[52638] INFO: 200 POST /api/get_work (::1) 0.71ms
2019-07-13 17:29:45,914 tornado.access[52638] INFO: 200 POST /api/get_work (::1) 0.94ms
2019-07-13 17:29:45,947 tornado.access[52638] INFO: 200 POST /api/add_task (::1) 1.00ms
2019-07-13 17:29:45,950 tornado.access[52638] INFO: 200 POST /api/get_work (::1) 0.62ms
